<?xml version="1.0" encoding="UTF-8"?>
<!-- Generated by org.testng.reporters.JUnitXMLReporter -->
<testsuite hostname="SB-GANAPATI01" ignored="0" name="eBayWebTestCases" tests="2" failures="2" timestamp="18 Jul 2019 23:28:03 GMT" time="284.251" errors="0">
  <testcase name="feature" time="200.38" classname="cucumber.api.testng.AbstractTestNGCucumberTests">
    <failure type="cucumber.runtime.CucumberException" message="java.lang.AssertionError: null">
      <![CDATA[cucumber.runtime.CucumberException: java.lang.AssertionError: null
at cucumber.api.testng.TestNGCucumberRunner.runCucumber(TestNGCucumberRunner.java:69)
at cucumber.api.testng.AbstractTestNGCucumberTests.feature(AbstractTestNGCucumberTests.java:21)
Caused by: java.lang.AssertionError: null
at com.ebaywebtest.stepdefinitions.Step_RegisterUser.registers_with_details(Step_RegisterUser.java:69)
at ✽.And Registers with details(RegisterLogin.feature:9)
... Removed 31 stack frames]]>
    </failure>
  </testcase> <!-- feature -->
  <testcase name="feature" time="82.577" classname="cucumber.api.testng.AbstractTestNGCucumberTests">
    <failure type="cucumber.runtime.CucumberException" message="java.lang.AssertionError: null">
      <![CDATA[cucumber.runtime.CucumberException: java.lang.AssertionError: null
at cucumber.api.testng.TestNGCucumberRunner.runCucumber(TestNGCucumberRunner.java:69)
at cucumber.api.testng.AbstractTestNGCucumberTests.feature(AbstractTestNGCucumberTests.java:21)
Caused by: java.lang.AssertionError: null
at com.ebaywebtest.stepdefinitions.Step_SearchAndBuy.adds_it_to_the_cart(Step_SearchAndBuy.java:63)
at ✽.And adds it to the cart(SearchAndBuy.feature:10)
... Removed 31 stack frames]]>
    </failure>
  </testcase> <!-- feature -->
</testsuite> <!-- eBayWebTestCases -->
