<?xml version="1.0" encoding="UTF-8"?>
<testng-results skipped="0" failed="0" ignored="0" total="0" passed="0">
  <reporter-output>
  </reporter-output>
  <suite name="Default suite" duration-ms="659" started-at="2019-07-18T23:17:17Z" finished-at="2019-07-18T23:17:18Z">
    <groups>
      <group name="cucumber">
        <method signature="AbstractTestNGCucumberTests.feature(cucumber.api.testng.CucumberFeatureWrapper)[pri:0, instance:com.ebaywebtest.testrunners.TestRunner@3159c4b8]" name="feature" class="cucumber.api.testng.AbstractTestNGCucumberTests"/>
      </group> <!-- cucumber -->
    </groups>
    <test name="Default test" duration-ms="659" started-at="2019-07-18T23:17:17Z" finished-at="2019-07-18T23:17:18Z">
      <class name="com.ebaywebtest.testrunners.TestRunner">
        <test-method status="PASS" signature="setUpClass()[pri:0, instance:com.ebaywebtest.testrunners.TestRunner@3159c4b8]" name="setUpClass" is-config="true" duration-ms="471" started-at="2019-07-18T23:17:17Z" finished-at="2019-07-18T23:17:18Z">
          <reporter-output>
          </reporter-output>
        </test-method> <!-- setUpClass -->
        <test-method status="PASS" signature="tearDownClass()[pri:0, instance:com.ebaywebtest.testrunners.TestRunner@3159c4b8]" name="tearDownClass" is-config="true" duration-ms="16" started-at="2019-07-18T23:17:18Z" finished-at="2019-07-18T23:17:18Z">
          <reporter-output>
          </reporter-output>
        </test-method> <!-- tearDownClass -->
      </class> <!-- com.ebaywebtest.testrunners.TestRunner -->
    </test> <!-- Default test -->
  </suite> <!-- Default suite -->
</testng-results>
